<?xml version="1.0" encoding="UTF-8"?>
<testsuite xmlns:xsi="http://www.w3.org/2001/XMLSchema-instance" xsi:noNamespaceSchemaLocation="https://maven.apache.org/surefire/maven-surefire-plugin/xsd/surefire-test-report-3.0.xsd" version="3.0" name="com.Sumador.Sumador.SumadorApplicationTests" time="29.914" tests="1" errors="0" skipped="0" failures="0">
  <properties>
[...]
</properties>
  <testcase name="contextLoads" classname="com.Sumador.Sumador.SumadorApplicationTests" time="8.024">
    <system-out><![CDATA[22:33:20.720 [main] INFO org.springframework.test.context.support.AnnotationConfigContextLoaderUtils -- Could not detect default configuration classes for test class [com.Sumador.Sumador.SumadorApplicationTests]: SumadorApplicationTests does not declare any static, non-private, non-final, nested classes annotated with @Configuration.
22:33:22.165 [main] INFO org.springframework.boot.test.context.SpringBootTestContextBootstrapper -- Found @SpringBootConfiguration com.Sumador.Sumador.SumadorApplication for test class com.Sumador.Sumador.SumadorApplicationTests

  .   ____          _            __ _ _
 /\\ / ___'_ __ _ _(_)_ __  __ _ \ \ \ \
( ( )\___ | '_ | '_| | '_ \/ _` | \ \ \ \
 \\/  ___)| |_)| | | | | || (_| |  ) ) ) )
  '  |____| .__|_| |_|_| |_\__, | / / / /
 =========|_|==============|___/=/_/_/_/

 :: Spring Boot ::                (v3.3.5)

2024-11-12T22:33:27.368-05:00  INFO 516 --- [Sumador] [           main] c.S.Sumador.SumadorApplicationTests      : Starting SumadorApplicationTests using Java 17.0.11 with PID 516 (started by user in C:\Users\user\Desktop\Sumador)
2024-11-12T22:33:27.379-05:00  INFO 516 --- [Sumador] [           main] c.S.Sumador.SumadorApplicationTests      : No active profile set, falling back to 1 default profile: "default"
2024-11-12T22:33:37.712-05:00  INFO 516 --- [Sumador] [           main] o.s.b.a.w.s.WelcomePageHandlerMapping    : Adding welcome page: class path resource [static/index.html]
2024-11-12T22:33:40.420-05:00  INFO 516 --- [Sumador] [           main] c.S.Sumador.SumadorApplicationTests      : Started SumadorApplicationTests in 16.848 seconds (process running for 30.953)
]]></system-out>
  </testcase>
</testsuite>